--- Job Ex2-1-LaborConstraint.gms Start 09/29/24 17:49:43 47.6.0 c2de9d6d WEX-WEI x86 64bit/MS Windows
--- Applying:
    C:\GAMS\47\gmsprmNT.txt
--- GAMS Parameters defined
    Input "C:\Users\bsafe\OneDrive\Documents\CEE 6410 - Water Resources Systems Analysis\CEE6410-Safely\Ex2-1-LaborConstraint.gms"
    PageSize 0
    ScrDir "C:\Users\bsafe\OneDrive\Documents\CEE 6410 - Water Resources Systems Analysis\CEE6410-Safely\225a\"
    SysDir C:\GAMS\47\
    LogOption 3
    ErrMsg 1
    ErrorLog 99
    IDE 1
    LstTitleLeftAligned 1
Licensee: CEE 6410 Water Resources Systems Analysis      G240923|0002AO-GEN
          Utah State University, Utah Water Research Laboratory     DCE3763
          C:\Users\bsafe\OneDrive\Documents\GAMS\gamslice.txt
          License Admin: David Rosenberg, david.rosenberg@usu.edu          
          Other time limited license
          The evaluation period of the license will expire on Dec 22, 2024
Processor information: 1 socket(s), 4 core(s), and 8 thread(s) available
GAMS 47.6.0   Copyright (C) 1987-2024 GAMS Development. All rights reserved
--- Starting compilation
--- Ex2-1-LaborConstraint.gms(1) 2 Mb 1 Error
*** Error 409 in C:\Users\bsafe\OneDrive\Documents\CEE 6410 - Water Resources Systems Analysis\CEE6410-Safely\Ex2-1-LaborConstraint.gms
    Unrecognizable item - skip to find a new statement
      looking for a ';' or a key word to get started again
--- Ex2-1-LaborConstraint.gms(71) 3 Mb 2 Errors
*** Error 257 in C:\Users\bsafe\OneDrive\Documents\CEE 6410 - Water Resources Systems Analysis\CEE6410-Safely\Ex2-1-LaborConstraint.gms
    Solve statement not checked because of previous errors
--- Ex2-1-LaborConstraint.gms(74) 3 Mb 3 Errors
*** Error 409 in C:\Users\bsafe\OneDrive\Documents\CEE 6410 - Water Resources Systems Analysis\CEE6410-Safely\Ex2-1-LaborConstraint.gms
    Unrecognizable item - skip to find a new statement
      looking for a ';' or a key word to get started again
--- Ex2-1-LaborConstraint.gms(103) 3 Mb 4 Errors
*** Error 194 in C:\Users\bsafe\OneDrive\Documents\CEE 6410 - Water Resources Systems Analysis\CEE6410-Safely\Ex2-1-LaborConstraint.gms
    Symbol redefined - a second data statement for the same symbol
       or a data statement after an assignment
       Hint: You could use $onMulti to merge the data from different
             data statements or $onMultiR to replace existing data
             with data from a later data statement
--- Ex2-1-LaborConstraint.gms(104) 3 Mb 5 Errors
*** Error 194 in C:\Users\bsafe\OneDrive\Documents\CEE 6410 - Water Resources Systems Analysis\CEE6410-Safely\Ex2-1-LaborConstraint.gms
    Symbol redefined - a second data statement for the same symbol
       or a data statement after an assignment
       Hint: You could use $onMulti to merge the data from different
             data statements or $onMultiR to replace existing data
             with data from a later data statement
--- Ex2-1-LaborConstraint.gms(109) 3 Mb 6 Errors
*** Error 194 in C:\Users\bsafe\OneDrive\Documents\CEE 6410 - Water Resources Systems Analysis\CEE6410-Safely\Ex2-1-LaborConstraint.gms
    Symbol redefined - a second data statement for the same symbol
       or a data statement after an assignment
       Hint: You could use $onMulti to merge the data from different
             data statements or $onMultiR to replace existing data
             with data from a later data statement
--- Ex2-1-LaborConstraint.gms(112) 3 Mb 7 Errors
*** Error 194 in C:\Users\bsafe\OneDrive\Documents\CEE 6410 - Water Resources Systems Analysis\CEE6410-Safely\Ex2-1-LaborConstraint.gms
    Symbol redefined - a second data statement for the same symbol
       or a data statement after an assignment
       Hint: You could use $onMulti to merge the data from different
             data statements or $onMultiR to replace existing data
             with data from a later data statement
--- Ex2-1-LaborConstraint.gms(116) 3 Mb 8 Errors
*** Error 194 in C:\Users\bsafe\OneDrive\Documents\CEE 6410 - Water Resources Systems Analysis\CEE6410-Safely\Ex2-1-LaborConstraint.gms
    Symbol redefined - a second data statement for the same symbol
       or a data statement after an assignment
       Hint: You could use $onMulti to merge the data from different
             data statements or $onMultiR to replace existing data
             with data from a later data statement
--- Ex2-1-LaborConstraint.gms(133) 3 Mb 9 Errors
*** Error 150 in C:\Users\bsafe\OneDrive\Documents\CEE 6410 - Water Resources Systems Analysis\CEE6410-Safely\Ex2-1-LaborConstraint.gms
    Symbolic equations redefined
--- Ex2-1-LaborConstraint.gms(134) 3 Mb 10 Errors
*** Error 150 in C:\Users\bsafe\OneDrive\Documents\CEE 6410 - Water Resources Systems Analysis\CEE6410-Safely\Ex2-1-LaborConstraint.gms
    Symbolic equations redefined
--- Ex2-1-LaborConstraint.gms(137) 3 Mb 11 Errors
*** Error 194 in C:\Users\bsafe\OneDrive\Documents\CEE 6410 - Water Resources Systems Analysis\CEE6410-Safely\Ex2-1-LaborConstraint.gms
    Symbol redefined - a second data statement for the same symbol
       or a data statement after an assignment
       Hint: You could use $onMulti to merge the data from different
             data statements or $onMultiR to replace existing data
             with data from a later data statement
--- Ex2-1-LaborConstraint.gms(144) 3 Mb 12 Errors
*** Error 257 in C:\Users\bsafe\OneDrive\Documents\CEE 6410 - Water Resources Systems Analysis\CEE6410-Safely\Ex2-1-LaborConstraint.gms
    Solve statement not checked because of previous errors
--- Ex2-1-LaborConstraint.gms(147) 3 Mb 13 Errors
*** Error 409 in C:\Users\bsafe\OneDrive\Documents\CEE 6410 - Water Resources Systems Analysis\CEE6410-Safely\Ex2-1-LaborConstraint.gms
    Unrecognizable item - skip to find a new statement
      looking for a ';' or a key word to get started again
--- Ex2-1-LaborConstraint.gms(147) 3 Mb 13 Errors
*** Status: Compilation error(s)
--- Job Ex2-1-LaborConstraint.gms Stop 09/29/24 17:49:43 elapsed 0:00:00.036
